<?xml version="1.0" encoding="UTF-8"?>
<!-- Generated by org.testng.reporters.JUnitReportReporter -->
<testsuite hostname="DESKTOP-809J0CU" failures="0" tests="6" name="TestScript.Testcase_flipkart" time="177.253" errors="0" timestamp="26 Aug 2020 07:45:42 GMT">
  <testcase classname="TestScript.Testcase_flipkart" name="Product_search_TC" time="30.305"/>
  <testcase classname="TestScript.Testcase_flipkart" name="login_success_Tc" time="28.236"/>
  <testcase classname="TestScript.Testcase_flipkart" name="login_skip_Tc" time="21.987"/>
  <testcase classname="TestScript.Testcase_flipkart" name="order_product" time="53.412"/>
  <testcase classname="TestScript.Testcase_flipkart" name="Homepage_cartnavigate_TC" time="18.953"/>
  <testcase classname="TestScript.Testcase_flipkart" name="login_Negative_TC" time="24.360"/>
</testsuite> <!-- TestScript.Testcase_flipkart -->
